MPASM  5.51               REFRESH_DISPLAY.ASM   11-13-2022  14:44:41         PAGE  1


LOC  OBJECT CODE     LINE SOURCE TEXT
  VALUE

                      00001 ;**********************************************************************
                      00002 ;   This file is a basic code template for assembly code generation   *
                      00003 ;   on the PIC16F877A. This file contains the basic code              *
                      00004 ;   building blocks to build upon.                                    *  
                      00005 ;                                                                     *
                      00006 ;   Refer to the MPASM User's Guide for additional information on     *
                      00007 ;   features of the assembler (Document DS33014).                     *
                      00008 ;                                                                     *
                      00009 ;   Refer to the respective PIC data sheet for additional             *
                      00010 ;   information on the instruction set.                               *
                      00011 ;                                                                     *
                      00012 ;**********************************************************************
                      00013 ;                                                                     *
                      00014 ;    Filename:      xxx.asm                                           *
                      00015 ;    Date:                                                            *
                      00016 ;    File Version:                                                    *
                      00017 ;                                                                     *
                      00018 ;    Author:                                                          *
                      00019 ;    Company:                                                         *
                      00020 ;                                                                     * 
                      00021 ;                                                                     *
                      00022 ;**********************************************************************
                      00023 ;                                                                     *
                      00024 ;    Files Required: P16F877A.INC                                     *
                      00025 ;                                                                     *
                      00026 ;**********************************************************************
                      00027 ;                                                                     *
                      00028 ;    Notes:                                                           *
                      00029 ;                                                                     *
                      00030 ;**********************************************************************
                      00031 
                      00032 
                      00033         list            p=16f877A       ; list directive to define processor
                      00034         #include        <p16f877A.inc>  ; processor specific variable definitions
                      00001         LIST
                      00002 
                      00003 ;==========================================================================
                      00004 ;  MPASM PIC16F877A processor include
                      00005 ; 
                      00006 ;  (c) Copyright 1999-2013 Microchip Technology, All rights reserved
                      00007 ;==========================================================================
                      00008 
                      00566         LIST
                      00035         
2007   3FB3           00036         __CONFIG _CP_OFF & _WDT_OFF & _BODEN_OFF & _PWRTE_ON & _RC_OSC & _WRT_OFF & _LVP_ON & _CPD_OFF
                      00037 
                      00038 ; '__CONFIG' directive is used to embed configuration data within .asm file.
                      00039 ; The lables following the directive are located in the respective .inc file.
                      00040 ; See respective data sheet for additional information on configuration word.
                      00041 
                      00042 
                      00043 
                      00044 
MPASM  5.51               REFRESH_DISPLAY.ASM   11-13-2022  14:44:41         PAGE  2


LOC  OBJECT CODE     LINE SOURCE TEXT
  VALUE

                      00045 
                      00046 
                      00047 ;***** VARIABLE DEFINITIONS
  0000007D            00048 w_temp          EQU     0x7D            ; variable used for context saving 
  0000007E            00049 status_temp     EQU     0x7E            ; variable used for context saving
  0000007F            00050 pclath_temp     EQU     0x7F            ; variable used for context saving                      
                      00051 
  00000023            00052 DIG0                    EQU 0x23
  00000022            00053 DIG1                    EQU 0x22
  00000021            00054 DIG2                    EQU 0x21
  00000020            00055 DIG3                    EQU 0x20 
  00000024            00056 add_reg_dig             EQU 0x24
  00000025            00057 select_output   EQU     0x25
                      00058 
                      00059 ;caracteres Validos
  00000026            00060 char_A EQU 0x26
  00000027            00061 char_B EQU 0x27
  00000028            00062 char_C EQU 0x28
  00000029            00063 char_D EQU 0x29
  0000002A            00064 char_E EQU 0x2A
  0000002B            00065 char_F EQU 0x2B
  0000002C            00066 char_G EQU 0x2C
  0000002D            00067 char_H EQU 0x2D
  0000002E            00068 char_I EQU 0x2E
  0000002F            00069 char_J EQU 0x2F
  00000030            00070 char_L EQU 0x30
  00000031            00071 char_N EQU 0x31
  00000032            00072 char_Ñ EQU 0x32
  00000033            00073 char_O EQU 0x33
  00000034            00074 char_P EQU 0x34
  00000035            00075 char_R EQU 0x35
  00000036            00076 char_S EQU 0x36
  00000037            00077 char_T EQU 0x37
  00000038            00078 char_U EQU 0x38
  00000039            00079 char_Y EQU 0x39
  0000003A            00080 char_1 EQU 0x3A
  0000003B            00081 char_2 EQU 0x3B
  0000003C            00082 char_3 EQU 0x3C
  0000003D            00083 char_4 EQU 0x3D
  0000003E            00084 char_5 EQU 0x3E
  0000003F            00085 char_6 EQU 0x3F
  00000040            00086 char_7 EQU 0x40
  00000041            00087 char_8 EQU 0x41
  00000042            00088 char_9 EQU 0x42
  00000043            00089 char_0 EQU 0x43
                      00090 ;caracteres invalidos
  00000044            00091 char_K EQU 0x44
  00000045            00092 char_M EQU 0x45
  00000046            00093 char_Q EQU 0x46
  00000047            00094 char_V EQU 0x47
  00000048            00095 char_W EQU 0x48
  00000049            00096 char_X EQU 0x49
  0000004A            00097 char_Z EQU 0x4A
MPASM  5.51               REFRESH_DISPLAY.ASM   11-13-2022  14:44:41         PAGE  3


LOC  OBJECT CODE     LINE SOURCE TEXT
  VALUE

                      00098 
                      00099 
                      00100 
                      00101 
                      00102 ;**********************************************************************
                      00103         ORG     0x000             ; processor reset vector
                      00104 
0000   0000           00105         nop                       ; nop required for icd
0001   2???           00106         goto    main              ; go to beginning of program
                      00107 
                      00108 
                      00109         ORG     0x004             ; interrupt vector location
                      00110 
0004   00FD           00111         movwf   w_temp            ; save off current W register contents
0005   0803           00112         movf    STATUS,w          ; move status register into W register
0006   00FE           00113         movwf   status_temp       ; save off contents of STATUS register
0007   080A           00114         movf    PCLATH,w          ; move pclath register into w register
0008   00FF           00115         movwf   pclath_temp       ; save off contents of PCLATH register
                      00116 
0009   1303           00117         bcf             STATUS, RP1                     ;cambio al banco 0
000A   1283           00118         bcf             STATUS, RP0
000B   190B           00119         btfsc   INTCON, T0IF            ;pregunto si se interrumpio por el overflow del timer
000C   2???           00120         call    show_in_display
000D   087F           00121         movf    pclath_temp,w     ; retrieve copy of PCLATH register
000E   008A           00122         movwf   PCLATH                  ; restore pre-isr PCLATH register contents
000F   087E           00123         movf    status_temp,w     ; retrieve copy of STATUS register
0010   0083           00124         movwf   STATUS            ; restore pre-isr STATUS register contents
0011   0EFD           00125         swapf   w_temp,f
0012   0E7D           00126         swapf   w_temp,w          ; restore pre-isr W register contents
0013   0009           00127         retfie                    ; return from interrupt
                      00128 
0014                  00129 show_in_display
0014   19A5           00130         btfsc   select_output, d'3'     ;el select esta en el pin 3 del puerto a
0015   2???           00131         call    load_digit3                     ;si
0016   1925           00132         btfsc   select_output, d'2'     ;el select esta en el pin 2 del puerto a
0017   2???           00133         call    load_digit2                     ;si
0018   18A5           00134         btfsc   select_output, d'1' ;el select esta en el pin 1 del puerto a
0019   2???           00135         call    load_digit1                     ;si
001A   1825           00136         btfsc   select_output, d'0' ;el select esta en el pin 0 del puerto a
001B   2???           00137         call    load_digit0                     ;si
001C   1003           00138         bcf             STATUS, C                       
Message[305]: Using default destination of 1 (file).
001D   0CA5           00139         rrf             select_output           ;cambio el select al siguiente puerto
001E   1803           00140         btfsc   STATUS, C                       ;si el select esta vacio, le cargo el valor al puerto 4
001F   2???           00141         call    reset_count
0020   303C           00142         movlw   d'60'
0021   0081           00143         movwf   TMR0                            ;vuelvo a configurar el timer0
0022   110B           00144         bcf             INTCON, T0IF            ;limpio la flag del timer0
0023   0008           00145         return
                      00146 
0024                  00147 load_digit3
0024   1383           00148         bcf             STATUS, IRP                     ;limpio el irp
0025   0824           00149         movf    add_reg_dig, w          ;cargo la primera direccion del char en el fsr
MPASM  5.51               REFRESH_DISPLAY.ASM   11-13-2022  14:44:41         PAGE  4


LOC  OBJECT CODE     LINE SOURCE TEXT
  VALUE

0026   0084           00150         movwf   FSR
0027   0825           00151         movf    select_output, w        ;paso el pin de salida del puerto a
0028   0085           00152         movwf   PORTA
0029   0800           00153         movf    INDF, w                         ;paso el digito por el puerto b
002A   0086           00154         movwf   PORTB
002B   0008           00155         return
                      00156 
002C                  00157 load_digit2
002C   0A84           00158         incf    FSR, f                          ;aumento el fsr
002D   0825           00159         movf    select_output, w        ;paso el pin de salida del puerto a
002E   0085           00160         movwf   PORTA
002F   0800           00161         movf    INDF, w                         ;paso el digito por el puerto b
0030   0086           00162         movwf   PORTB
0031   0008           00163         return
                      00164 
0032                  00165 load_digit1
0032   0A84           00166         incf    FSR, f                          ;aumento el fsr
0033   0825           00167         movf    select_output, w        ;paso el pin de salida del puerto a
0034   0085           00168         movwf   PORTA
0035   0800           00169         movf    INDF, w                         ;paso el digito por el puerto b
0036   0086           00170         movwf   PORTB
0037   0008           00171         return
                      00172 
0038                  00173 load_digit0
0038   0A84           00174         incf    FSR, f                          ;aumento el fsr
0039   0825           00175         movf    select_output, w        ;paso el pin de salida del puerto a
003A   0085           00176         movwf   PORTA
003B   0800           00177         movf    INDF, w                         ;paso el digito por el puerto b
003C   0086           00178         movwf   PORTB
003D   0008           00179         return
                      00180 
003E                  00181 reset_count
003E   3008           00182         movlw   b'00001000'                     ;reseteo el select
003F   00A5           00183         movwf   select_output
0040   0008           00184         return
                      00185 
                      00186         
                      00187 
                      00188 
0041                  00189 main
0041   2???           00190         call porta_init         ;configuro el puerto a
0042   2???           00191         call portb_init         ;configuro el puerto b
0043   2???           00192         call table_set          ;configuro las variables de los chars
0044   2???           00193         call digit_set          ;configuro los digitos que se van a usar
0045   2???           00194         call timer0_init        ;configuro el timer0
0046   2???           00195         goto loop
                      00196 ; remaining code goes here
                      00197 
0047                  00198 porta_init
                      00199         ;Config PORTA - start
0047   1303           00200         bcf             STATUS, RP1                     ;cambio al banco 1
0048   1683           00201         bsf             STATUS, RP0
0049   3000           00202         movlw   b'00000000'                     ;seteo el puerto a como salida  
MPASM  5.51               REFRESH_DISPLAY.ASM   11-13-2022  14:44:41         PAGE  5


LOC  OBJECT CODE     LINE SOURCE TEXT
  VALUE

Message[302]: Register in operand not in bank 0.  Ensure that bank bits are correct.
004A   0085           00203         movwf   TRISA
004B   3006           00204         movlw   0x06                            ;seteo las entradas/salidas como digitales
Message[302]: Register in operand not in bank 0.  Ensure that bank bits are correct.
004C   009F           00205         movwf   ADCON1
004D   1303           00206         bcf             STATUS, RP1                     ;cambio al banco 0
004E   1283           00207         bcf             STATUS, RP0
004F   0008           00208         return
                      00209         ;Config PORTA - end
                      00210 
0050                  00211 portb_init
                      00212         ;Config PORTB - start
0050   1303           00213         bcf             STATUS, RP1             ;cambio al banco 1
0051   1683           00214         bsf             STATUS, RP0             
0052   3000           00215         movlw   b'00000000'             ;seteo el puerto b como salida          
Message[302]: Register in operand not in bank 0.  Ensure that bank bits are correct.
0053   0086           00216         movwf   TRISB
0054   1303           00217         bcf             STATUS, RP1             ;cambio al banco 0
0055   1283           00218         bcf             STATUS, RP0
0056   0008           00219         return
                      00220         ;Config PORTB - end
                      00221 
0057                  00222 digit_set
0057   082D           00223         movf    char_H,w        ;cargo los chars que quiero mostrar
0058   00A0           00224         movwf   DIG3
0059   0833           00225         movf    char_O,w
005A   00A1           00226         movwf   DIG2
005B   0830           00227         movf    char_L,w
005C   00A2           00228         movwf   DIG1
005D   0826           00229         movf    char_A,w
005E   00A3           00230         movwf   DIG0
005F   3020           00231         movlw   0x20
0060   00A4           00232         movwf   add_reg_dig             ;primera direccion de Dig
0061   3008           00233         movlw   b'00001000'             ;seteo el select para que empieze en el pin 3
0062   00A5           00234         movwf   select_output
0063   0008           00235         return
                      00236 
0064                  00237 timer0_init
0064   1303           00238         bcf     STATUS, RP1                     ;cambio al banco 0
0065   1683           00239         bsf             STATUS, RP0
Message[302]: Register in operand not in bank 0.  Ensure that bank bits are correct.
0066   1281           00240         bcf             OPTION_REG, T0CS        ;utilizo el clock del microprocesador
Message[302]: Register in operand not in bank 0.  Ensure that bank bits are correct.
0067   1181           00241         bcf             OPTION_REG, PSA         ;utilizo el Prescaler en Timer0
Message[302]: Register in operand not in bank 0.  Ensure that bank bits are correct.
0068   1001           00242         bcf             OPTION_REG,     PS0             ;cargo el prescaler en 128
Message[302]: Register in operand not in bank 0.  Ensure that bank bits are correct.
0069   1481           00243         bsf             OPTION_REG,     PS1             ;
Message[302]: Register in operand not in bank 0.  Ensure that bank bits are correct.
006A   1501           00244         bsf             OPTION_REG,     PS2             ;
006B   178B           00245         bsf             INTCON, GIE                     ;activo las interrupciones generales
006C   168B           00246         bsf             INTCON, T0IE            ;activo la interrupcion por overflow del timer 0
006D   1283           00247         bcf             STATUS, RP0                     ;cambio al banco 0
MPASM  5.51               REFRESH_DISPLAY.ASM   11-13-2022  14:44:41         PAGE  6


LOC  OBJECT CODE     LINE SOURCE TEXT
  VALUE

006E   1303           00248         bcf             STATUS, RP1
006F   303C           00249         movlw   d'60'                           ;seteo el timer en 60
0070   0081           00250         movwf   TMR0
0071   110B           00251         bcf             INTCON, T0IF            ;limpio la flag del timer overflow
0072   0008           00252         return
                      00253 
0073                  00254 table_set
                      00255         ;caracteres validos
0073   3077           00256         movlw b'01110111'
0074   00A6           00257         movwf char_A    
0075   307C           00258         movlw b'01111100'
0076   00A7           00259         movwf char_B    
0077   3058           00260         movlw b'01011000'
0078   00A8           00261         movwf char_C    
0079   305E           00262         movlw b'01011110'
007A   00A9           00263         movwf char_D
007B   3079           00264         movlw b'01111001'
007C   00AA           00265         movwf char_E
007D   3071           00266         movlw b'01110001'
007E   00AB           00267         movwf char_F
007F   307D           00268         movlw b'01111101'
0080   00AC           00269         movwf char_G    
0081   3076           00270         movlw b'01110110'
0082   00AD           00271         movwf char_H    
0083   3006           00272         movlw b'00000110'
0084   00AE           00273         movwf char_I
0085   301E           00274         movlw b'00011110'
0086   00AF           00275         movwf char_J
0087   3038           00276         movlw b'00111000'
0088   00B0           00277         movwf char_L
0089   3054           00278         movlw b'01010100'
008A   00B1           00279         movwf char_N
008B   3055           00280         movlw b'01010101'
008C   00B2           00281         movwf char_Ñ
008D   305C           00282         movlw b'01011100'
008E   00B3           00283         movwf char_O
008F   3073           00284         movlw b'01110011'
0090   00B4           00285         movwf char_P
0091   3050           00286         movlw b'01010000'
0092   00B5           00287         movwf char_R
0093   306D           00288         movlw b'01101101'
0094   00B6           00289         movwf char_S
0095   3078           00290         movlw b'01111000'
0096   00B7           00291         movwf char_T
0097   301C           00292         movlw b'00011100'
0098   00B8           00293         movwf char_U
0099   306E           00294         movlw b'01101110'
009A   00B9           00295         movwf char_Y
009B   3006           00296         movlw b'00000110'
009C   00BA           00297         movwf char_1
009D   305B           00298         movlw b'01011011'
009E   00BB           00299         movwf char_2
009F   304F           00300         movlw b'01001111'
MPASM  5.51               REFRESH_DISPLAY.ASM   11-13-2022  14:44:41         PAGE  7


LOC  OBJECT CODE     LINE SOURCE TEXT
  VALUE

00A0   00BC           00301         movwf char_3
00A1   3066           00302         movlw b'01100110'
00A2   00BD           00303         movwf char_4
00A3   306D           00304         movlw b'01101101'
00A4   00BE           00305         movwf char_5
00A5   307D           00306         movlw b'01111101'
00A6   00BF           00307         movwf char_6
00A7   3007           00308         movlw b'00000111'
00A8   00C0           00309         movwf char_7
00A9   307F           00310         movlw b'01111111'
00AA   00C1           00311         movwf char_8
00AB   3067           00312         movlw b'01100111'
00AC   00C2           00313         movwf char_9
00AD   303F           00314         movlw b'00111111'
00AE   00C3           00315         movwf char_0
                      00316         ;caracteres invalidos
00AF   304F           00317         movlw b'01001111'
00B0   00C4           00318         movwf char_K
00B1   304F           00319         movlw b'01001111'
00B2   00C5           00320         movwf char_M
00B3   304F           00321         movlw b'01001111'
00B4   00C6           00322         movwf char_Q
00B5   304F           00323         movlw b'01001111'
00B6   00C7           00324         movwf char_V
00B7   304F           00325         movlw b'01001111'
00B8   00C8           00326         movwf char_W
00B9   304F           00327         movlw b'01001111'
00BA   00C9           00328         movwf char_X
00BB   304F           00329         movlw b'01001111'
00BC   00CA           00330         movwf char_Z
00BD   0008           00331         return
                      00332 
00BE                  00333 loop
00BE   2???           00334         goto loop
                      00335 
                      00336 
                      00337 
                      00338 
                      00339 
                      00340 
                      00341 
3FB3                  00342         END                       ; directive 'end of program'
MPASM  5.51               REFRESH_DISPLAY.ASM   11-13-2022  14:44:41         PAGE  8


SYMBOL TABLE
  LABEL                             VALUE 

ACKDT                             00000005
ACKEN                             00000004
ACKSTAT                           00000006
ADCON0                            0000001F
ADCON1                            0000009F
ADCS0                             00000006
ADCS1                             00000007
ADCS2                             00000006
ADDEN                             00000003
ADFM                              00000007
ADIE                              00000006
ADIF                              00000006
ADON                              00000000
ADRESH                            0000001E
ADRESL                            0000009E
BCLIE                             00000003
BCLIF                             00000003
BF                                00000000
BRGH                              00000002
C                                 00000000
C1INV                             00000004
C1OUT                             00000006
C2INV                             00000005
C2OUT                             00000007
CCP1CON                           00000017
CCP1IE                            00000002
CCP1IF                            00000002
CCP1M0                            00000000
CCP1M1                            00000001
CCP1M2                            00000002
CCP1M3                            00000003
CCP1X                             00000005
CCP1Y                             00000004
CCP2CON                           0000001D
CCP2IE                            00000000
CCP2IF                            00000000
CCP2M0                            00000000
CCP2M1                            00000001
CCP2M2                            00000002
CCP2M3                            00000003
CCP2X                             00000005
CCP2Y                             00000004
CCPR1                             00000015
CCPR1H                            00000016
CCPR1L                            00000015
CCPR2                             0000001B
CCPR2H                            0000001C
CCPR2L                            0000001B
CHS0                              00000003
CHS1                              00000004
CHS2                              00000005
CIS                               00000003
CKE                               00000006
MPASM  5.51               REFRESH_DISPLAY.ASM   11-13-2022  14:44:41         PAGE  9


SYMBOL TABLE
  LABEL                             VALUE 

CKP                               00000004
CM0                               00000000
CM1                               00000001
CM2                               00000002
CMCON                             0000009C
CMIE                              00000006
CMIF                              00000006
CREN                              00000004
CSRC                              00000007
CVR0                              00000000
CVR1                              00000001
CVR2                              00000002
CVR3                              00000003
CVRCON                            0000009D
CVREN                             00000007
CVROE                             00000006
CVRR                              00000005
D                                 00000005
DATA_ADDRESS                      00000005
DC                                00000001
DIG0                              00000023
DIG1                              00000022
DIG2                              00000021
DIG3                              00000020
D_A                               00000005
D_NOT_A                           00000005
EEADR                             0000010D
EEADRH                            0000010F
EECON1                            0000018C
EECON2                            0000018D
EEDATA                            0000010C
EEDATH                            0000010E
EEIE                              00000004
EEIF                              00000004
EEPGD                             00000007
F                                 00000001
FERR                              00000002
FSR                               00000004
GCEN                              00000007
GIE                               00000007
GO                                00000002
GO_DONE                           00000002
GO_NOT_DONE                       00000002
I2C_DATA                          00000005
I2C_READ                          00000002
I2C_START                         00000003
I2C_STOP                          00000004
IBF                               00000007
IBOV                              00000005
INDF                              00000000
INTCON                            0000000B
INTE                              00000004
INTEDG                            00000006
MPASM  5.51               REFRESH_DISPLAY.ASM   11-13-2022  14:44:41         PAGE 10


SYMBOL TABLE
  LABEL                             VALUE 

INTF                              00000001
IRP                               00000007
NOT_A                             00000005
NOT_ADDRESS                       00000005
NOT_BO                            00000000
NOT_BOR                           00000000
NOT_DONE                          00000002
NOT_PD                            00000003
NOT_POR                           00000001
NOT_RBPU                          00000007
NOT_RC8                           00000006
NOT_T1SYNC                        00000002
NOT_TO                            00000004
NOT_TX8                           00000006
NOT_W                             00000002
NOT_WRITE                         00000002
OBF                               00000006
OERR                              00000001
OPTION_REG                        00000081
P                                 00000004
PCFG0                             00000000
PCFG1                             00000001
PCFG2                             00000002
PCFG3                             00000003
PCL                               00000002
PCLATH                            0000000A
PCON                              0000008E
PEIE                              00000006
PEN                               00000002
PIE1                              0000008C
PIE2                              0000008D
PIR1                              0000000C
PIR2                              0000000D
PORTA                             00000005
PORTB                             00000006
PORTC                             00000007
PORTD                             00000008
PORTE                             00000009
PR2                               00000092
PS0                               00000000
PS1                               00000001
PS2                               00000002
PSA                               00000003
PSPIE                             00000007
PSPIF                             00000007
PSPMODE                           00000004
R                                 00000002
RA0                               00000000
RA1                               00000001
RA2                               00000002
RA3                               00000003
RA4                               00000004
RA5                               00000005
MPASM  5.51               REFRESH_DISPLAY.ASM   11-13-2022  14:44:41         PAGE 11


SYMBOL TABLE
  LABEL                             VALUE 

RB0                               00000000
RB1                               00000001
RB2                               00000002
RB3                               00000003
RB4                               00000004
RB5                               00000005
RB6                               00000006
RB7                               00000007
RBIE                              00000003
RBIF                              00000000
RC0                               00000000
RC1                               00000001
RC2                               00000002
RC3                               00000003
RC4                               00000004
RC5                               00000005
RC6                               00000006
RC7                               00000007
RC8_9                             00000006
RC9                               00000006
RCD8                              00000000
RCEN                              00000003
RCIE                              00000005
RCIF                              00000005
RCREG                             0000001A
RCSTA                             00000018
RD                                00000000
RD0                               00000000
RD1                               00000001
RD2                               00000002
RD3                               00000003
RD4                               00000004
RD5                               00000005
RD6                               00000006
RD7                               00000007
RE0                               00000000
RE1                               00000001
RE2                               00000002
READ_WRITE                        00000002
RP0                               00000005
RP1                               00000006
RSEN                              00000001
RX9                               00000006
RX9D                              00000000
R_NOT_W                           00000002
R_W                               00000002
S                                 00000003
SEN                               00000000
SMP                               00000007
SPBRG                             00000099
SPEN                              00000007
SREN                              00000005
SSPADD                            00000093
MPASM  5.51               REFRESH_DISPLAY.ASM   11-13-2022  14:44:41         PAGE 12


SYMBOL TABLE
  LABEL                             VALUE 

SSPBUF                            00000013
SSPCON                            00000014
SSPCON2                           00000091
SSPEN                             00000005
SSPIE                             00000003
SSPIF                             00000003
SSPM0                             00000000
SSPM1                             00000001
SSPM2                             00000002
SSPM3                             00000003
SSPOV                             00000006
SSPSTAT                           00000094
STATUS                            00000003
SYNC                              00000004
T0CS                              00000005
T0IE                              00000005
T0IF                              00000002
T0SE                              00000004
T1CKPS0                           00000004
T1CKPS1                           00000005
T1CON                             00000010
T1INSYNC                          00000002
T1OSCEN                           00000003
T1SYNC                            00000002
T2CKPS0                           00000000
T2CKPS1                           00000001
T2CON                             00000012
TMR0                              00000001
TMR0IE                            00000005
TMR0IF                            00000002
TMR1                              0000000E
TMR1CS                            00000001
TMR1H                             0000000F
TMR1IE                            00000000
TMR1IF                            00000000
TMR1L                             0000000E
TMR1ON                            00000000
TMR2                              00000011
TMR2IE                            00000001
TMR2IF                            00000001
TMR2ON                            00000002
TOUTPS0                           00000003
TOUTPS1                           00000004
TOUTPS2                           00000005
TOUTPS3                           00000006
TRISA                             00000085
TRISA0                            00000000
TRISA1                            00000001
TRISA2                            00000002
TRISA3                            00000003
TRISA4                            00000004
TRISA5                            00000005
TRISB                             00000086
MPASM  5.51               REFRESH_DISPLAY.ASM   11-13-2022  14:44:41         PAGE 13


SYMBOL TABLE
  LABEL                             VALUE 

TRISB0                            00000000
TRISB1                            00000001
TRISB2                            00000002
TRISB3                            00000003
TRISB4                            00000004
TRISB5                            00000005
TRISB6                            00000006
TRISB7                            00000007
TRISC                             00000087
TRISC0                            00000000
TRISC1                            00000001
TRISC2                            00000002
TRISC3                            00000003
TRISC4                            00000004
TRISC5                            00000005
TRISC6                            00000006
TRISC7                            00000007
TRISD                             00000088
TRISD0                            00000000
TRISD1                            00000001
TRISD2                            00000002
TRISD3                            00000003
TRISD4                            00000004
TRISD5                            00000005
TRISD6                            00000006
TRISD7                            00000007
TRISE                             00000089
TRISE0                            00000000
TRISE1                            00000001
TRISE2                            00000002
TRMT                              00000001
TX8_9                             00000006
TX9                               00000006
TX9D                              00000000
TXD8                              00000000
TXEN                              00000005
TXIE                              00000004
TXIF                              00000004
TXREG                             00000019
TXSTA                             00000098
UA                                00000001
W                                 00000000
WCOL                              00000007
WR                                00000001
WREN                              00000002
WRERR                             00000003
Z                                 00000002
_BODEN_OFF                        00003FBF
_BODEN_ON                         00003FFF
_BOREN_OFF                        00003FBF
_BOREN_ON                         00003FFF
_CONFIG                           00002007
_CPD_OFF                          00003FFF
MPASM  5.51               REFRESH_DISPLAY.ASM   11-13-2022  14:44:41         PAGE 14


SYMBOL TABLE
  LABEL                             VALUE 

_CPD_ON                           00003EFF
_CP_ALL                           00001FFF
_CP_OFF                           00003FFF
_CP_ON                            00001FFF
_DEBUG_OFF                        00003FFF
_DEBUG_ON                         000037FF
_DEVID1                           00002006
_FOSC_EXTRC                       00003FFF
_FOSC_HS                          00003FFE
_FOSC_LP                          00003FFC
_FOSC_XT                          00003FFD
_HS_OSC                           00003FFE
_IDLOC0                           00002000
_IDLOC1                           00002001
_IDLOC2                           00002002
_IDLOC3                           00002003
_LP_OSC                           00003FFC
_LVP_OFF                          00003F7F
_LVP_ON                           00003FFF
_PWRTE_OFF                        00003FFF
_PWRTE_ON                         00003FF7
_RC_OSC                           00003FFF
_WDTE_OFF                         00003FFB
_WDTE_ON                          00003FFF
_WDT_OFF                          00003FFB
_WDT_ON                           00003FFF
_WRT_1FOURTH                      00003BFF
_WRT_256                          00003DFF
_WRT_HALF                         000039FF
_WRT_OFF                          00003FFF
_XT_OSC                           00003FFD
__16F877A                         00000001
__DEBUG                           1
add_reg_dig                       00000024
char_0                            00000043
char_1                            0000003A
char_2                            0000003B
char_3                            0000003C
char_4                            0000003D
char_5                            0000003E
char_6                            0000003F
char_7                            00000040
char_8                            00000041
char_9                            00000042
char_A                            00000026
char_B                            00000027
char_C                            00000028
char_D                            00000029
char_E                            0000002A
char_F                            0000002B
char_G                            0000002C
char_H                            0000002D
char_I                            0000002E
MPASM  5.51               REFRESH_DISPLAY.ASM   11-13-2022  14:44:41         PAGE 15


SYMBOL TABLE
  LABEL                             VALUE 

char_J                            0000002F
char_K                            00000044
char_L                            00000030
char_M                            00000045
char_N                            00000031
char_O                            00000033
char_P                            00000034
char_Q                            00000046
char_R                            00000035
char_S                            00000036
char_T                            00000037
char_U                            00000038
char_V                            00000047
char_W                            00000048
char_X                            00000049
char_Y                            00000039
char_Z                            0000004A
char_Ñ                            00000032
digit_set                         00000057
load_digit0                       00000038
load_digit1                       00000032
load_digit2                       0000002C
load_digit3                       00000024
loop                              000000BE
main                              00000041
pclath_temp                       0000007F
porta_init                        00000047
portb_init                        00000050
reset_count                       0000003E
select_output                     00000025
show_in_display                   00000014
status_temp                       0000007E
table_set                         00000073
timer0_init                       00000064
w_temp                            0000007D

Errors   :     0
Warnings :     0 reported,     0 suppressed
Messages :     9 reported,     0 suppressed

